TN:
SF:C:/Users/Admin/Downloads/ProjectManager-master/ProjectManager-master/src/polyfills.ts
FNF:0
FNH:0
DA:46,1
DA:73,1
LF:2
LH:2
BRF:0
BRH:0
end_of_record
TN:
SF:C:/Users/Admin/Downloads/ProjectManager-master/ProjectManager-master/src/test.ts
FNF:0
FNH:0
DA:3,1
DA:4,1
DA:5,1
DA:13,1
DA:18,1
DA:20,1
LF:6
LH:6
BRF:0
BRH:0
end_of_record
TN:
SF:C:/Users/Admin/Downloads/ProjectManager-master/ProjectManager-master/src/app/app.component.ts
FN:8,(anonymous_1)
FN:3,AppComponent
FNF:2
FNH:2
FNDA:1,(anonymous_1)
FNDA:2,AppComponent
DA:1,1
DA:8,1
DA:9,2
DA:10,1
LF:4
LH:4
BRF:0
BRH:0
end_of_record
TN:
SF:C:/Users/Admin/Downloads/ProjectManager-master/ProjectManager-master/src/app/interceptor/interceptor.ts
FN:11,(anonymous_2)
FN:13,Interceptor
FN:15,(anonymous_4)
FN:19,(anonymous_5)
FNF:4
FNH:4
FNDA:1,(anonymous_2)
FNDA:14,Interceptor
FNDA:21,(anonymous_4)
FNDA:21,(anonymous_5)
DA:1,1
DA:2,1
DA:3,1
DA:4,1
DA:5,1
DA:6,1
DA:7,1
DA:8,1
DA:9,1
DA:11,1
DA:15,1
DA:19,21
DA:21,21
DA:22,4
DA:26,21
DA:28,1
DA:30,21
DA:32,0
DA:35,21
DA:37,8
DA:39,21
DA:41,1
DA:43,21
DA:45,4
DA:46,21
DA:48,1
DA:50,21
DA:52,2
DA:54,21
DA:64,1
DA:66,1
LF:31
LH:30
BRDA:21,0,0,4
BRDA:21,0,1,17
BRDA:21,1,0,21
BRDA:21,1,1,4
BRDA:26,2,0,1
BRDA:26,2,1,20
BRDA:26,3,0,21
BRDA:26,3,1,1
BRDA:30,4,0,0
BRDA:30,4,1,21
BRDA:30,5,0,21
BRDA:30,5,1,0
BRDA:35,6,0,8
BRDA:35,6,1,13
BRDA:35,7,0,21
BRDA:35,7,1,8
BRDA:39,8,0,1
BRDA:39,8,1,20
BRDA:39,9,0,21
BRDA:39,9,1,1
BRDA:43,10,0,4
BRDA:43,10,1,17
BRDA:43,11,0,21
BRDA:43,11,1,4
BRDA:46,12,0,1
BRDA:46,12,1,20
BRDA:46,13,0,21
BRDA:46,13,1,1
BRDA:50,14,0,2
BRDA:50,14,1,19
BRDA:50,15,0,21
BRDA:50,15,1,2
BRF:32
BRH:30
end_of_record
TN:
SF:C:/Users/Admin/Downloads/ProjectManager-master/ProjectManager-master/src/app/project/add-project/add-project.component.ts
FN:16,(anonymous_2)
FN:24,AddProjectComponent
FN:28,(anonymous_4)
FN:35,(anonymous_5)
FN:51,(anonymous_6)
FN:54,(anonymous_7)
FN:56,(anonymous_8)
FN:59,(anonymous_9)
FN:63,(anonymous_10)
FN:80,(anonymous_11)
FN:95,(anonymous_12)
FN:101,(anonymous_13)
FN:111,(anonymous_14)
FN:119,(anonymous_15)
FN:127,(anonymous_16)
FN:131,(anonymous_17)
FN:134,(anonymous_18)
FNF:17
FNH:13
FNDA:1,(anonymous_2)
FNDA:6,AddProjectComponent
FNDA:1,(anonymous_4)
FNDA:8,(anonymous_5)
FNDA:1,(anonymous_6)
FNDA:1,(anonymous_7)
FNDA:2,(anonymous_8)
FNDA:2,(anonymous_9)
FNDA:2,(anonymous_10)
FNDA:2,(anonymous_11)
FNDA:4,(anonymous_12)
FNDA:1,(anonymous_13)
FNDA:1,(anonymous_14)
FNDA:0,(anonymous_15)
FNDA:0,(anonymous_16)
FNDA:0,(anonymous_17)
FNDA:0,(anonymous_18)
DA:1,1
DA:2,1
DA:4,1
DA:5,1
DA:8,1
DA:16,1
DA:18,6
DA:21,6
DA:24,6
DA:28,1
DA:30,1
DA:31,1
DA:32,1
DA:35,1
DA:37,8
DA:51,1
DA:52,1
DA:53,1
DA:54,1
DA:56,2
DA:57,2
DA:58,2
DA:59,2
DA:63,1
DA:64,2
DA:65,2
DA:80,1
DA:81,2
DA:82,2
DA:83,1
DA:86,1
DA:89,2
DA:95,1
DA:96,4
DA:97,4
DA:98,4
DA:101,1
DA:102,1
DA:112,1
DA:113,1
DA:119,1
DA:121,0
DA:127,1
DA:129,0
DA:132,0
DA:133,0
DA:134,0
DA:144,1
LF:48
LH:43
BRDA:68,0,0,1
BRDA:68,0,1,1
BRDA:68,1,0,2
BRDA:68,1,1,1
BRDA:82,2,0,1
BRDA:82,2,1,1
BRF:6
BRH:6
end_of_record
TN:
SF:C:/Users/Admin/Downloads/ProjectManager-master/ProjectManager-master/src/app/project/add-project/add-project.service.ts
FN:14,(anonymous_2)
FN:15,AddProjectService
FN:17,(anonymous_4)
FN:22,(anonymous_5)
FN:27,(anonymous_6)
FNF:5
FNH:5
FNDA:1,(anonymous_2)
FNDA:6,AddProjectService
FNDA:1,(anonymous_4)
FNDA:1,(anonymous_5)
FNDA:2,(anonymous_6)
DA:1,1
DA:2,1
DA:9,1
DA:14,1
DA:15,6
DA:17,1
DA:19,1
DA:22,1
DA:24,1
DA:25,1
DA:27,1
DA:29,2
DA:33,1
LF:13
LH:13
BRF:0
BRH:0
end_of_record
TN:
SF:C:/Users/Admin/Downloads/ProjectManager-master/ProjectManager-master/src/app/task/add-task/add-task.component.ts
FN:27,(anonymous_2)
FN:46,AddTaskComponent
FN:72,(anonymous_4)
FN:84,(anonymous_5)
FN:90,(anonymous_6)
FN:97,(anonymous_7)
FN:111,(anonymous_8)
FN:133,(anonymous_9)
FN:139,(anonymous_10)
FN:142,(anonymous_11)
FN:144,(anonymous_12)
FN:147,(anonymous_13)
FN:150,(anonymous_14)
FN:153,(anonymous_15)
FN:158,(anonymous_16)
FN:163,(anonymous_17)
FN:171,(anonymous_18)
FN:179,(anonymous_19)
FN:187,(anonymous_20)
FN:201,(anonymous_21)
FN:205,(anonymous_22)
FN:211,(anonymous_23)
FNF:22
FNH:22
FNDA:1,(anonymous_2)
FNDA:14,AddTaskComponent
FNDA:2,(anonymous_4)
FNDA:1,(anonymous_5)
FNDA:15,(anonymous_6)
FNDA:16,(anonymous_7)
FNDA:2,(anonymous_8)
FNDA:1,(anonymous_9)
FNDA:5,(anonymous_10)
FNDA:5,(anonymous_11)
FNDA:1,(anonymous_12)
FNDA:1,(anonymous_13)
FNDA:1,(anonymous_14)
FNDA:1,(anonymous_15)
FNDA:2,(anonymous_16)
FNDA:2,(anonymous_17)
FNDA:1,(anonymous_18)
FNDA:1,(anonymous_19)
FNDA:2,(anonymous_20)
FNDA:2,(anonymous_21)
FNDA:1,(anonymous_22)
FNDA:4,(anonymous_23)
DA:1,1
DA:2,1
DA:4,1
DA:6,1
DA:10,1
DA:13,1
DA:15,1
DA:16,1
DA:27,1
DA:28,14
DA:29,14
DA:30,14
DA:31,14
DA:32,14
DA:33,14
DA:34,14
DA:35,14
DA:36,14
DA:38,14
DA:39,14
DA:41,14
DA:47,14
DA:48,14
DA:49,14
DA:50,14
DA:51,14
DA:52,14
DA:58,14
DA:59,0
DA:60,0
DA:61,0
DA:67,14
DA:68,14
DA:72,1
DA:74,2
DA:75,2
DA:77,1
DA:80,1
DA:84,1
DA:85,1
DA:86,1
DA:87,1
DA:88,1
DA:90,1
DA:92,15
DA:93,15
DA:94,15
DA:95,15
DA:97,1
DA:98,16
DA:111,1
DA:112,2
DA:124,1
DA:125,1
DA:126,1
DA:127,1
DA:128,1
DA:129,1
DA:130,1
DA:133,1
DA:134,1
DA:135,1
DA:136,1
DA:139,5
DA:140,5
DA:141,5
DA:142,5
DA:144,1
DA:145,1
DA:146,1
DA:147,1
DA:150,1
DA:151,1
DA:152,1
DA:153,1
DA:158,1
DA:160,2
DA:163,1
DA:164,2
DA:165,2
DA:166,2
DA:171,1
DA:172,1
DA:173,1
DA:174,1
DA:179,1
DA:180,1
DA:181,1
DA:182,1
DA:187,2
DA:190,2
DA:201,2
DA:205,1
DA:207,1
DA:208,1
DA:211,1
DA:212,4
DA:213,4
DA:214,3
DA:217,1
DA:220,4
DA:225,1
LF:102
LH:99
BRDA:58,0,0,0
BRDA:58,0,1,14
BRDA:59,1,0,0
BRDA:59,1,1,0
BRDA:75,2,0,1
BRDA:75,2,1,1
BRDA:116,3,0,1
BRDA:116,3,1,1
BRDA:120,4,0,2
BRDA:120,4,1,0
BRDA:121,5,0,1
BRDA:121,5,1,0
BRDA:192,6,0,1
BRDA:192,6,1,1
BRDA:194,7,0,1
BRDA:194,7,1,1
BRDA:213,8,0,3
BRDA:213,8,1,1
BRF:18
BRH:13
end_of_record
TN:
SF:C:/Users/Admin/Downloads/ProjectManager-master/ProjectManager-master/src/app/task/view-task/view-task.component.ts
FN:17,(anonymous_2)
FN:26,ViewTaskComponent
FN:27,(anonymous_4)
FN:30,(anonymous_5)
FN:36,(anonymous_6)
FN:39,(anonymous_7)
FN:42,(anonymous_8)
FN:44,(anonymous_9)
FN:44,(anonymous_10)
FN:46,(anonymous_11)
FN:52,(anonymous_12)
FN:56,(anonymous_13)
FN:59,(anonymous_14)
FN:64,(anonymous_15)
FNF:14
FNH:10
FNDA:1,(anonymous_2)
FNDA:5,ViewTaskComponent
FNDA:1,(anonymous_4)
FNDA:1,(anonymous_5)
FNDA:1,(anonymous_6)
FNDA:1,(anonymous_7)
FNDA:4,(anonymous_8)
FNDA:4,(anonymous_9)
FNDA:20,(anonymous_10)
FNDA:0,(anonymous_11)
FNDA:0,(anonymous_12)
FNDA:0,(anonymous_13)
FNDA:0,(anonymous_14)
FNDA:2,(anonymous_15)
DA:1,1
DA:3,1
DA:6,1
DA:7,1
DA:8,1
DA:9,1
DA:17,1
DA:18,5
DA:20,5
DA:22,5
DA:26,5
DA:27,1
DA:28,1
DA:30,1
DA:31,1
DA:32,1
DA:33,1
DA:36,1
DA:37,1
DA:38,1
DA:39,1
DA:42,4
DA:43,4
DA:44,20
DA:46,1
DA:47,0
DA:48,0
DA:49,0
DA:52,1
DA:54,0
DA:57,0
DA:58,0
DA:59,0
DA:64,1
DA:65,2
DA:66,2
DA:67,1
DA:70,1
DA:73,2
DA:76,1
LF:40
LH:33
BRDA:66,0,0,1
BRDA:66,0,1,1
BRF:2
BRH:2
end_of_record
TN:
SF:C:/Users/Admin/Downloads/ProjectManager-master/ProjectManager-master/src/app/task/view-task/view-task.service.ts
FN:18,(anonymous_2)
FN:19,ViewTaskService
FN:23,(anonymous_4)
FN:30,(anonymous_5)
FN:37,(anonymous_6)
FN:44,(anonymous_7)
FNF:6
FNH:6
FNDA:1,(anonymous_2)
FNDA:19,ViewTaskService
FNDA:6,(anonymous_4)
FNDA:4,(anonymous_5)
FNDA:2,(anonymous_6)
FNDA:1,(anonymous_7)
DA:1,1
DA:2,1
DA:10,1
DA:18,1
DA:19,19
DA:23,1
DA:25,6
DA:30,1
DA:32,4
DA:37,1
DA:39,2
DA:44,1
DA:46,1
DA:49,1
LF:14
LH:14
BRF:0
BRH:0
end_of_record
TN:
SF:C:/Users/Admin/Downloads/ProjectManager-master/ProjectManager-master/src/app/user/add-user/add-user.component.ts
FN:14,(anonymous_2)
FN:24,AddUserComponent
FN:28,(anonymous_4)
FN:34,(anonymous_5)
FN:39,(anonymous_6)
FN:43,(anonymous_7)
FN:49,(anonymous_8)
FN:60,(anonymous_9)
FN:62,(anonymous_10)
FN:64,(anonymous_11)
FN:66,(anonymous_12)
FN:70,(anonymous_13)
FN:73,(anonymous_14)
FN:75,(anonymous_15)
FNF:14
FNH:12
FNDA:1,(anonymous_2)
FNDA:10,AddUserComponent
FNDA:1,(anonymous_4)
FNDA:1,(anonymous_5)
FNDA:1,(anonymous_6)
FNDA:3,(anonymous_7)
FNDA:1,(anonymous_8)
FNDA:2,(anonymous_9)
FNDA:1,(anonymous_10)
FNDA:1,(anonymous_11)
FNDA:1,(anonymous_12)
FNDA:1,(anonymous_13)
FNDA:0,(anonymous_14)
FNDA:0,(anonymous_15)
DA:1,1
DA:2,1
DA:3,1
DA:14,1
DA:15,1
DA:16,10
DA:24,10
DA:25,10
DA:28,1
DA:29,1
DA:30,1
DA:31,1
DA:34,1
DA:35,1
DA:37,1
DA:39,1
DA:40,1
DA:43,1
DA:44,3
DA:45,3
DA:46,3
DA:49,1
DA:50,1
DA:51,1
DA:52,1
DA:55,0
DA:57,1
DA:58,1
DA:60,2
DA:61,2
DA:62,1
DA:64,1
DA:65,1
DA:67,1
DA:70,1
DA:71,1
DA:74,0
DA:76,0
DA:81,1
LF:39
LH:36
BRDA:51,0,0,1
BRDA:51,0,1,0
BRF:2
BRH:1
end_of_record
TN:
SF:C:/Users/Admin/Downloads/ProjectManager-master/ProjectManager-master/src/app/user/add-user/add-user.service.ts
FN:12,(anonymous_2)
FN:13,AddUserService
FN:15,(anonymous_4)
FN:20,(anonymous_5)
FN:24,(anonymous_6)
FNF:5
FNH:4
FNDA:1,(anonymous_2)
FNDA:25,AddUserService
FNDA:3,(anonymous_4)
FNDA:1,(anonymous_5)
FNDA:0,(anonymous_6)
DA:1,1
DA:2,1
DA:12,1
DA:13,25
DA:14,25
DA:15,1
DA:17,3
DA:20,1
DA:22,1
DA:24,1
DA:25,0
DA:27,1
LF:12
LH:11
BRF:0
BRH:0
end_of_record
TN:
SF:C:/Users/Admin/Downloads/ProjectManager-master/ProjectManager-master/src/app/utilities/common-service.ts
FN:6,(anonymous_2)
FN:9,TaskService
FNF:2
FNH:2
FNDA:1,(anonymous_2)
FNDA:19,TaskService
DA:1,1
DA:6,1
DA:12,1
LF:3
LH:3
BRF:0
BRH:0
end_of_record
TN:
SF:C:/Users/Admin/Downloads/ProjectManager-master/ProjectManager-master/src/environments/environment.ts
FNF:0
FNH:0
DA:6,1
LF:1
LH:1
BRF:0
BRH:0
end_of_record
